/home/jake/.rbenv/versions/2.2.3/bin/ruby -r ./siteconf20150916-31573-1xwaydq.rb extconf.rb
checking for ffi_call() in -lffi... yes
checking for ffi_prep_closure()... yes
checking for ffi_raw_call()... yes
checking for ffi_prep_raw_closure()... yes
checking for rb_thread_blocking_region()... no
checking for rb_thread_call_with_gvl()... yes
checking for rb_thread_call_without_gvl()... yes
checking for ffi_prep_cif_var()... yes
creating extconf.h
creating Makefile

make "DESTDIR=" clean

make "DESTDIR="
compiling Call.c
compiling ArrayType.c
compiling Variadic.c
compiling Types.c
compiling Buffer.c
compiling MappedType.c
compiling ClosurePool.c
compiling Thread.c
compiling StructByReference.c
compiling DataConverter.c
compiling Type.c
compiling MemoryPointer.c
compiling Platform.c
compiling Function.c
compiling StructLayout.c
compiling AbstractMemory.c
compiling MethodHandle.c
compiling ffi.c
compiling FunctionInfo.c
compiling StructByValue.c
compiling LastError.c
compiling Pointer.c
compiling Struct.c
compiling DynamicLibrary.c
compiling LongDouble.c
linking shared-object ffi_c.so

make "DESTDIR=" install
/usr/bin/install -c -m 0755 ffi_c.so ./.gem.20150916-31573-3m9qvc
